<?xml version="1.0" encoding="UTF-8"?>
<testng-results ignored="0" total="1" passed="1" failed="0" skipped="0">
  <reporter-output>
  </reporter-output>
  <suite started-at="2024-01-05T17:43:16 IST" name="Default suite" finished-at="2024-01-05T17:44:11 IST" duration-ms="54882">
    <groups>
    </groups>
    <test started-at="2024-01-05T17:43:16 IST" name="Default test" finished-at="2024-01-05T17:44:11 IST" duration-ms="54882">
      <class name="AdNabuTestStore.AddRemoveItemTestcase">
        <test-method is-config="true" signature="setup()[pri:0, instance:AdNabuTestStore.AddRemoveItemTestcase@3c72f59f]" started-at="2024-01-05T17:43:16 IST" name="setup" finished-at="2024-01-05T17:43:31 IST" duration-ms="14909" status="PASS">
          <reporter-output>
          </reporter-output>
        </test-method> <!-- setup -->
        <test-method signature="placeOrder()[pri:0, instance:AdNabuTestStore.AddRemoveItemTestcase@3c72f59f]" started-at="2024-01-05T17:43:31 IST" name="placeOrder" finished-at="2024-01-05T17:44:10 IST" duration-ms="39090" status="PASS">
          <reporter-output>
          </reporter-output>
        </test-method> <!-- placeOrder -->
        <test-method is-config="true" signature="teardown()[pri:0, instance:AdNabuTestStore.AddRemoveItemTestcase@3c72f59f]" started-at="2024-01-05T17:44:11 IST" name="teardown" finished-at="2024-01-05T17:44:11 IST" duration-ms="105" status="PASS">
          <reporter-output>
          </reporter-output>
        </test-method> <!-- teardown -->
      </class> <!-- AdNabuTestStore.AddRemoveItemTestcase -->
    </test> <!-- Default test -->
  </suite> <!-- Default suite -->
</testng-results>
